# JRE version: OpenJDK Runtime Environment Temurin-11.0.12+7 (11.0.12+7) (build 11.0.12+7)
# Java VM: OpenJDK 64-Bit Server VM Temurin-11.0.12+7 (11.0.12+7, mixed mode, tiered, compressed oops, parallel gc, windows-amd64)
Heap:
 PSYoungGen      total 48640K, used 9977K [0x00000000eab00000, 0x00000000ee680000, 0x0000000100000000)
  eden space 38400K, 0% used [0x00000000eab00000,0x00000000eab00000,0x00000000ed080000)
  from space 10240K, 97% used [0x00000000edc80000,0x00000000ee63e7b8,0x00000000ee680000)
  to   space 10752K, 0% used [0x00000000ed180000,0x00000000ed180000,0x00000000edc00000)
 ParOldGen       total 130560K, used 124217K [0x00000000c0000000, 0x00000000c7f80000, 0x00000000eab00000)
  object space 130560K, 95% used [0x00000000c0000000,0x00000000c794e5a0,0x00000000c7f80000)
 Metaspace       used 45315K, capacity 47262K, committed 47448K, reserved 1091584K
  class space    used 4175K, capacity 4977K, committed 4992K, reserved 1048576K
GC Heap History (20 events):
Event: 218.302 GC heap after
{Heap after GC invocations=47 (full 4):
 PSYoungGen      total 33280K, used 6624K [0x00000000eab00000, 0x00000000ee280000, 0x0000000100000000)
  eden space 26624K, 0% used [0x00000000eab00000,0x00000000eab00000,0x00000000ec500000)
  from space 6656K, 99% used [0x00000000ec500000,0x00000000ecb78258,0x00000000ecb80000)
  to   space 14336K, 0% used [0x00000000ed480000,0x00000000ed480000,0x00000000ee280000)
 ParOldGen       total 118784K, used 113617K [0x00000000c0000000, 0x00000000c7400000, 0x00000000eab00000)
  object space 118784K, 95% used [0x00000000c0000000,0x00000000c6ef4700,0x00000000c7400000)
 Metaspace       used 45313K, capacity 47262K, committed 47448K, reserved 1091584K
  class space    used 4175K, capacity 4977K, committed 4992K, reserved 1048576K
}
Event: 218.302 GC heap before
{Heap before GC invocations=48 (full 5):
 PSYoungGen      total 33280K, used 6624K [0x00000000eab00000, 0x00000000ee280000, 0x0000000100000000)
  eden space 26624K, 0% used [0x00000000eab00000,0x00000000eab00000,0x00000000ec500000)
  from space 6656K, 99% used [0x00000000ec500000,0x00000000ecb78258,0x00000000ecb80000)
  to   space 14336K, 0% used [0x00000000ed480000,0x00000000ed480000,0x00000000ee280000)
 ParOldGen       total 118784K, used 113617K [0x00000000c0000000, 0x00000000c7400000, 0x00000000eab00000)
  object space 118784K, 95% used [0x00000000c0000000,0x00000000c6ef4700,0x00000000c7400000)
 Metaspace       used 45313K, capacity 47262K, committed 47448K, reserved 1091584K
  class space    used 4175K, capacity 4977K, committed 4992K, reserved 1048576K
}
Event: 218.462 GC heap after
{Heap after GC invocations=48 (full 5):
 PSYoungGen      total 42496K, used 0K [0x00000000eab00000, 0x00000000ee580000, 0x0000000100000000)
  eden space 28160K, 0% used [0x00000000eab00000,0x00000000eab00000,0x00000000ec680000)
  from space 14336K, 0% used [0x00000000ed480000,0x00000000ed480000,0x00000000ee280000)
  to   space 14336K, 0% used [0x00000000ec680000,0x00000000ec680000,0x00000000ed480000)
 ParOldGen       total 130560K, used 86195K [0x00000000c0000000, 0x00000000c7f80000, 0x00000000eab00000)
  object space 130560K, 66% used [0x00000000c0000000,0x00000000c542cea8,0x00000000c7f80000)
 Metaspace       used 45313K, capacity 47262K, committed 47448K, reserved 1091584K
  class space    used 4175K, capacity 4977K, committed 4992K, reserved 1048576K
}
Event: 218.563 GC heap before
{Heap before GC invocations=49 (full 5):
 PSYoungGen      total 42496K, used 28160K [0x00000000eab00000, 0x00000000ee580000, 0x0000000100000000)
  eden space 28160K, 100% used [0x00000000eab00000,0x00000000ec680000,0x00000000ec680000)
  from space 14336K, 0% used [0x00000000ed480000,0x00000000ed480000,0x00000000ee280000)
  to   space 14336K, 0% used [0x00000000ec680000,0x00000000ec680000,0x00000000ed480000)
 ParOldGen       total 130560K, used 86195K [0x00000000c0000000, 0x00000000c7f80000, 0x00000000eab00000)
  object space 130560K, 66% used [0x00000000c0000000,0x00000000c542cea8,0x00000000c7f80000)
 Metaspace       used 45313K, capacity 47262K, committed 47448K, reserved 1091584K
  class space    used 4175K, capacity 4977K, committed 4992K, reserved 1048576K
}
Event: 218.603 GC heap after
{Heap after GC invocations=49 (full 5):
 PSYoungGen      total 42496K, used 9020K [0x00000000eab00000, 0x00000000ee000000, 0x0000000100000000)
  eden space 28160K, 0% used [0x00000000eab00000,0x00000000eab00000,0x00000000ec680000)
  from space 14336K, 62% used [0x00000000ec680000,0x00000000ecf4f298,0x00000000ed480000)
  to   space 10752K, 0% used [0x00000000ed580000,0x00000000ed580000,0x00000000ee000000)
 ParOldGen       total 130560K, used 86195K [0x00000000c0000000, 0x00000000c7f80000, 0x00000000eab00000)
  object space 130560K, 66% used [0x00000000c0000000,0x00000000c542cea8,0x00000000c7f80000)
 Metaspace       used 45313K, capacity 47262K, committed 47448K, reserved 1091584K
  class space    used 4175K, capacity 4977K, committed 4992K, reserved 1048576K
}
Event: 218.650 GC heap before
{Heap before GC invocations=50 (full 5):
 PSYoungGen      total 42496K, used 37180K [0x00000000eab00000, 0x00000000ee000000, 0x0000000100000000)
  eden space 28160K, 100% used [0x00000000eab00000,0x00000000ec680000,0x00000000ec680000)
  from space 14336K, 62% used [0x00000000ec680000,0x00000000ecf4f298,0x00000000ed480000)
  to   space 10752K, 0% used [0x00000000ed580000,0x00000000ed580000,0x00000000ee000000)
 ParOldGen       total 130560K, used 86195K [0x00000000c0000000, 0x00000000c7f80000, 0x00000000eab00000)
  object space 130560K, 66% used [0x00000000c0000000,0x00000000c542cea8,0x00000000c7f80000)
 Metaspace       used 45313K, capacity 47262K, committed 47448K, reserved 1091584K
  class space    used 4175K, capacity 4977K, committed 4992K, reserved 1048576K
}
Event: 218.690 GC heap after
{Heap after GC invocations=50 (full 5):
 PSYoungGen      total 41984K, used 8407K [0x00000000eab00000, 0x00000000ede00000, 0x0000000100000000)
  eden space 33280K, 0% used [0x00000000eab00000,0x00000000eab00000,0x00000000ecb80000)
  from space 8704K, 96% used [0x00000000ed580000,0x00000000eddb5c78,0x00000000ede00000)
  to   space 9216K, 0% used [0x00000000ecc00000,0x00000000ecc00000,0x00000000ed500000)
 ParOldGen       total 130560K, used 95063K [0x00000000c0000000, 0x00000000c7f80000, 0x00000000eab00000)
  object space 130560K, 72% used [0x00000000c0000000,0x00000000c5cd5df0,0x00000000c7f80000)
 Metaspace       used 45313K, capacity 47262K, committed 47448K, reserved 1091584K
  class space    used 4175K, capacity 4977K, committed 4992K, reserved 1048576K
}
Event: 218.804 GC heap before
{Heap before GC invocations=51 (full 5):
 PSYoungGen      total 41984K, used 41681K [0x00000000eab00000, 0x00000000ede00000, 0x0000000100000000)
  eden space 33280K, 99% used [0x00000000eab00000,0x00000000ecb7e950,0x00000000ecb80000)
  from space 8704K, 96% used [0x00000000ed580000,0x00000000eddb5c78,0x00000000ede00000)
  to   space 9216K, 0% used [0x00000000ecc00000,0x00000000ecc00000,0x00000000ed500000)
 ParOldGen       total 130560K, used 95063K [0x00000000c0000000, 0x00000000c7f80000, 0x00000000eab00000)
  object space 130560K, 72% used [0x00000000c0000000,0x00000000c5cd5df0,0x00000000c7f80000)
 Metaspace       used 45314K, capacity 47262K, committed 47448K, reserved 1091584K
  class space    used 4175K, capacity 4977K, committed 4992K, reserved 1048576K
}
Event: 218.856 GC heap after
{Heap after GC invocations=51 (full 5):
 PSYoungGen      total 42496K, used 9191K [0x00000000eab00000, 0x00000000ede00000, 0x0000000100000000)
  eden space 33280K, 0% used [0x00000000eab00000,0x00000000eab00000,0x00000000ecb80000)
  from space 9216K, 99% used [0x00000000ecc00000,0x00000000ed4f9c40,0x00000000ed500000)
  to   space 8704K, 0% used [0x00000000ed580000,0x00000000ed580000,0x00000000ede00000)
 ParOldGen       total 130560K, used 104238K [0x00000000c0000000, 0x00000000c7f80000, 0x00000000eab00000)
  object space 130560K, 79% used [0x00000000c0000000,0x00000000c65cbb70,0x00000000c7f80000)
 Metaspace       used 45314K, capacity 47262K, committed 47448K, reserved 1091584K
  class space    used 4175K, capacity 4977K, committed 4992K, reserved 1048576K
}
Event: 218.944 GC heap before
{Heap before GC invocations=52 (full 5):
 PSYoungGen      total 42496K, used 42471K [0x00000000eab00000, 0x00000000ede00000, 0x0000000100000000)
  eden space 33280K, 100% used [0x00000000eab00000,0x00000000ecb80000,0x00000000ecb80000)
  from space 9216K, 99% used [0x00000000ecc00000,0x00000000ed4f9c40,0x00000000ed500000)
  to   space 8704K, 0% used [0x00000000ed580000,0x00000000ed580000,0x00000000ede00000)
 ParOldGen       total 130560K, used 104238K [0x00000000c0000000, 0x00000000c7f80000, 0x00000000eab00000)
  object space 130560K, 79% used [0x00000000c0000000,0x00000000c65cbb70,0x00000000c7f80000)
 Metaspace       used 45314K, capacity 47262K, committed 47448K, reserved 1091584K
  class space    used 4175K, capacity 4977K, committed 4992K, reserved 1048576K
}
Event: 218.970 GC heap after
{Heap after GC invocations=52 (full 5):
 PSYoungGen      total 41984K, used 8695K [0x00000000eab00000, 0x00000000ede00000, 0x0000000100000000)
  eden space 33280K, 0% used [0x00000000eab00000,0x00000000eab00000,0x00000000ecb80000)
  from space 8704K, 99% used [0x00000000ed580000,0x00000000eddfdc68,0x00000000ede00000)
  to   space 9216K, 0% used [0x00000000ecc00000,0x00000000ecc00000,0x00000000ed500000)
 ParOldGen       total 130560K, used 113975K [0x00000000c0000000, 0x00000000c7f80000, 0x00000000eab00000)
  object space 130560K, 87% used [0x00000000c0000000,0x00000000c6f4dcb0,0x00000000c7f80000)
 Metaspace       used 45314K, capacity 47262K, committed 47448K, reserved 1091584K
  class space    used 4175K, capacity 4977K, committed 4992K, reserved 1048576K
}
Event: 219.049 GC heap before
{Heap before GC invocations=53 (full 5):
 PSYoungGen      total 41984K, used 41975K [0x00000000eab00000, 0x00000000ede00000, 0x0000000100000000)
  eden space 33280K, 100% used [0x00000000eab00000,0x00000000ecb80000,0x00000000ecb80000)
  from space 8704K, 99% used [0x00000000ed580000,0x00000000eddfdc68,0x00000000ede00000)
  to   space 9216K, 0% used [0x00000000ecc00000,0x00000000ecc00000,0x00000000ed500000)
 ParOldGen       total 130560K, used 113975K [0x00000000c0000000, 0x00000000c7f80000, 0x00000000eab00000)
  object space 130560K, 87% used [0x00000000c0000000,0x00000000c6f4dcb0,0x00000000c7f80000)
 Metaspace       used 45315K, capacity 47262K, committed 47448K, reserved 1091584K
  class space    used 4175K, capacity 4977K, committed 4992K, reserved 1048576K
}
Event: 219.073 GC heap after
{Heap after GC invocations=53 (full 5):
 PSYoungGen      total 42496K, used 9206K [0x00000000eab00000, 0x00000000ede00000, 0x0000000100000000)
  eden space 33280K, 0% used [0x00000000eab00000,0x00000000eab00000,0x00000000ecb80000)
  from space 9216K, 99% used [0x00000000ecc00000,0x00000000ed4fdab8,0x00000000ed500000)
  to   space 8704K, 0% used [0x00000000ed580000,0x00000000ed580000,0x00000000ede00000)
 ParOldGen       total 130560K, used 123582K [0x00000000c0000000, 0x00000000c7f80000, 0x00000000eab00000)
  object space 130560K, 94% used [0x00000000c0000000,0x00000000c78af838,0x00000000c7f80000)
 Metaspace       used 45315K, capacity 47262K, committed 47448K, reserved 1091584K
  class space    used 4175K, capacity 4977K, committed 4992K, reserved 1048576K
}
Event: 219.073 GC heap before
{Heap before GC invocations=54 (full 6):
 PSYoungGen      total 42496K, used 9206K [0x00000000eab00000, 0x00000000ede00000, 0x0000000100000000)
  eden space 33280K, 0% used [0x00000000eab00000,0x00000000eab00000,0x00000000ecb80000)
  from space 9216K, 99% used [0x00000000ecc00000,0x00000000ed4fdab8,0x00000000ed500000)
  to   space 8704K, 0% used [0x00000000ed580000,0x00000000ed580000,0x00000000ede00000)
 ParOldGen       total 130560K, used 123582K [0x00000000c0000000, 0x00000000c7f80000, 0x00000000eab00000)
  object space 130560K, 94% used [0x00000000c0000000,0x00000000c78af838,0x00000000c7f80000)
 Metaspace       used 45315K, capacity 47262K, committed 47448K, reserved 1091584K
  class space    used 4175K, capacity 4977K, committed 4992K, reserved 1048576K
}
Event: 219.301 GC heap after
{Heap after GC invocations=54 (full 6):
 PSYoungGen      total 41984K, used 0K [0x00000000eab00000, 0x00000000ede00000, 0x0000000100000000)
  eden space 33280K, 0% used [0x00000000eab00000,0x00000000eab00000,0x00000000ecb80000)
  from space 8704K, 0% used [0x00000000ed580000,0x00000000ed580000,0x00000000ede00000)
  to   space 9216K, 0% used [0x00000000ecc00000,0x00000000ecc00000,0x00000000ed500000)
 ParOldGen       total 130560K, used 114373K [0x00000000c0000000, 0x00000000c7f80000, 0x00000000eab00000)
  object space 130560K, 87% used [0x00000000c0000000,0x00000000c6fb14e8,0x00000000c7f80000)
 Metaspace       used 45315K, capacity 47262K, committed 47448K, reserved 1091584K
  class space    used 4175K, capacity 4977K, committed 4992K, reserved 1048576K
}
Event: 219.448 GC heap before
{Heap before GC invocations=55 (full 6):
 PSYoungGen      total 41984K, used 33280K [0x00000000eab00000, 0x00000000ede00000, 0x0000000100000000)
  eden space 33280K, 100% used [0x00000000eab00000,0x00000000ecb80000,0x00000000ecb80000)
  from space 8704K, 0% used [0x00000000ed580000,0x00000000ed580000,0x00000000ede00000)
  to   space 9216K, 0% used [0x00000000ecc00000,0x00000000ecc00000,0x00000000ed500000)
 ParOldGen       total 130560K, used 114373K [0x00000000c0000000, 0x00000000c7f80000, 0x00000000eab00000)
  object space 130560K, 87% used [0x00000000c0000000,0x00000000c6fb14e8,0x00000000c7f80000)
 Metaspace       used 45315K, capacity 47262K, committed 47448K, reserved 1091584K
  class space    used 4175K, capacity 4977K, committed 4992K, reserved 1048576K
}
Event: 219.458 GC heap after
{Heap after GC invocations=55 (full 6):
 PSYoungGen      total 43008K, used 9193K [0x00000000eab00000, 0x00000000ee980000, 0x0000000100000000)
  eden space 33792K, 0% used [0x00000000eab00000,0x00000000eab00000,0x00000000ecc00000)
  from space 9216K, 99% used [0x00000000ecc00000,0x00000000ed4fa500,0x00000000ed500000)
  to   space 13312K, 0% used [0x00000000edc80000,0x00000000edc80000,0x00000000ee980000)
 ParOldGen       total 130560K, used 115037K [0x00000000c0000000, 0x00000000c7f80000, 0x00000000eab00000)
  object space 130560K, 88% used [0x00000000c0000000,0x00000000c70574e8,0x00000000c7f80000)
 Metaspace       used 45315K, capacity 47262K, committed 47448K, reserved 1091584K
  class space    used 4175K, capacity 4977K, committed 4992K, reserved 1048576K
}
Event: 219.555 GC heap before
{Heap before GC invocations=56 (full 6):
 PSYoungGen      total 43008K, used 42985K [0x00000000eab00000, 0x00000000ee980000, 0x0000000100000000)
  eden space 33792K, 100% used [0x00000000eab00000,0x00000000ecc00000,0x00000000ecc00000)
  from space 9216K, 99% used [0x00000000ecc00000,0x00000000ed4fa500,0x00000000ed500000)
  to   space 13312K, 0% used [0x00000000edc80000,0x00000000edc80000,0x00000000ee980000)
 ParOldGen       total 130560K, used 115037K [0x00000000c0000000, 0x00000000c7f80000, 0x00000000eab00000)
  object space 130560K, 88% used [0x00000000c0000000,0x00000000c70574e8,0x00000000c7f80000)
 Metaspace       used 45315K, capacity 47262K, committed 47448K, reserved 1091584K
  class space    used 4175K, capacity 4977K, committed 4992K, reserved 1048576K
}
Event: 219.589 GC heap after
{Heap after GC invocations=56 (full 6):
 PSYoungGen      total 48640K, used 9977K [0x00000000eab00000, 0x00000000ee680000, 0x0000000100000000)
  eden space 38400K, 0% used [0x00000000eab00000,0x00000000eab00000,0x00000000ed080000)
  from space 10240K, 97% used [0x00000000edc80000,0x00000000ee63e7b8,0x00000000ee680000)
  to   space 10752K, 0% used [0x00000000ed180000,0x00000000ed180000,0x00000000edc00000)
 ParOldGen       total 130560K, used 124217K [0x00000000c0000000, 0x00000000c7f80000, 0x00000000eab00000)
  object space 130560K, 95% used [0x00000000c0000000,0x00000000c794e5a0,0x00000000c7f80000)
 Metaspace       used 45315K, capacity 47262K, committed 47448K, reserved 1091584K
  class space    used 4175K, capacity 4977K, committed 4992K, reserved 1048576K
}
Event: 219.589 GC heap before
{Heap before GC invocations=57 (full 7):
 PSYoungGen      total 48640K, used 9977K [0x00000000eab00000, 0x00000000ee680000, 0x0000000100000000)
  eden space 38400K, 0% used [0x00000000eab00000,0x00000000eab00000,0x00000000ed080000)
  from space 10240K, 97% used [0x00000000edc80000,0x00000000ee63e7b8,0x00000000ee680000)
  to   space 10752K, 0% used [0x00000000ed180000,0x00000000ed180000,0x00000000edc00000)
 ParOldGen       total 130560K, used 124217K [0x00000000c0000000, 0x00000000c7f80000, 0x00000000eab00000)
  object space 130560K, 95% used [0x00000000c0000000,0x00000000c794e5a0,0x00000000c7f80000)
 Metaspace       used 45315K, capacity 47262K, committed 47448K, reserved 1091584K
  class space    used 4175K, capacity 4977K, committed 4992K, reserved 1048576K
}

